<?xml version="1.0" encoding="UTF-8"?>
<!-- Generated by org.testng.reporters.JUnitXMLReporter -->
<testsuite hostname="User-PC" ignored="0" name="IE Test" tests="1" failures="1" timestamp="02 Dec 2018 12:24:15 GMT" time="219.47" errors="0">
  <testcase name="f" time="16.941" classname="SeleniumProject.AssertTest">
    <failure type="java.lang.AssertionError" message="null">
      <![CDATA[java.lang.AssertionError: null
at SeleniumProject.AssertTest.f(AssertTest.java:35)
at java.util.concurrent.FutureTask.run(Unknown Source)
at java.util.concurrent.ThreadPoolExecutor.runWorker(Unknown Source)
at java.util.concurrent.ThreadPoolExecutor$Worker.run(Unknown Source)
at java.lang.Thread.run(Unknown Source)
... Removed 19 stack frames]]>
    </failure>
  </testcase> <!-- f -->
</testsuite> <!-- IE Test -->
